[Dec 09 2015 14:49:58] ERROR_HANDLER 
Number:  2
Message: Missing argument 2 for lbd_gallery_gen()
File:    /Applications/MAMP/htdocs/lbd/wp-content/themes/little-big-diner/functions.php
Line:    170
-------------------------------------------- 
[Dec 09 2015 14:49:58] ERROR_HANDLER 
Number:  2
Message: shuffle() expects parameter 1 to be array, string given
File:    /Applications/MAMP/htdocs/lbd/wp-content/themes/little-big-diner/functions.php
Line:    174
-------------------------------------------- 
[Dec 09 2015 14:50:00] ERROR_HANDLER 
Number:  2
Message: Missing argument 2 for lbd_gallery_gen()
File:    /Applications/MAMP/htdocs/lbd/wp-content/themes/little-big-diner/functions.php
Line:    170
-------------------------------------------- 
[Dec 09 2015 14:50:00] ERROR_HANDLER 
Number:  2
Message: shuffle() expects parameter 1 to be array, string given
File:    /Applications/MAMP/htdocs/lbd/wp-content/themes/little-big-diner/functions.php
Line:    174
-------------------------------------------- 
[Dec 09 2015 14:50:00] ERROR_HANDLER 
Number:  2
Message: Missing argument 2 for lbd_gallery_gen()
File:    /Applications/MAMP/htdocs/lbd/wp-content/themes/little-big-diner/functions.php
Line:    170
-------------------------------------------- 
[Dec 09 2015 14:50:00] ERROR_HANDLER 
Number:  2
Message: shuffle() expects parameter 1 to be array, string given
File:    /Applications/MAMP/htdocs/lbd/wp-content/themes/little-big-diner/functions.php
Line:    174
-------------------------------------------- 
[Dec 09 2015 14:50:14] ERROR_HANDLER 
Number:  2
Message: Missing argument 2 for lbd_gallery_gen()
File:    /Applications/MAMP/htdocs/lbd/wp-content/themes/little-big-diner/functions.php
Line:    170
-------------------------------------------- 
[Dec 09 2015 14:50:14] ERROR_HANDLER 
Number:  2
Message: shuffle() expects parameter 1 to be array, string given
File:    /Applications/MAMP/htdocs/lbd/wp-content/themes/little-big-diner/functions.php
Line:    174
-------------------------------------------- 
[Dec 09 2015 14:50:16] ERROR_HANDLER 
Number:  2
Message: Missing argument 2 for lbd_gallery_gen()
File:    /Applications/MAMP/htdocs/lbd/wp-content/themes/little-big-diner/functions.php
Line:    170
-------------------------------------------- 
[Dec 09 2015 14:50:16] ERROR_HANDLER 
Number:  2
Message: shuffle() expects parameter 1 to be array, string given
File:    /Applications/MAMP/htdocs/lbd/wp-content/themes/little-big-diner/functions.php
Line:    174
-------------------------------------------- 
[Dec 09 2015 14:50:17] ERROR_HANDLER 
Number:  2
Message: Missing argument 2 for lbd_gallery_gen()
File:    /Applications/MAMP/htdocs/lbd/wp-content/themes/little-big-diner/functions.php
Line:    170
-------------------------------------------- 
[Dec 09 2015 14:50:17] ERROR_HANDLER 
Number:  2
Message: shuffle() expects parameter 1 to be array, string given
File:    /Applications/MAMP/htdocs/lbd/wp-content/themes/little-big-diner/functions.php
Line:    174
-------------------------------------------- 
[Dec 09 2015 14:50:41] ERROR_HANDLER 
Number:  2
Message: Missing argument 2 for lbd_gallery_gen()
File:    /Applications/MAMP/htdocs/lbd/wp-content/themes/little-big-diner/functions.php
Line:    170
-------------------------------------------- 
[Dec 09 2015 14:50:41] ERROR_HANDLER 
Number:  2
Message: shuffle() expects parameter 1 to be array, string given
File:    /Applications/MAMP/htdocs/lbd/wp-content/themes/little-big-diner/functions.php
Line:    174
-------------------------------------------- 
[Dec 09 2015 14:51:26] ERROR_HANDLER 
Number:  2
Message: Missing argument 2 for lbd_gallery_gen()
File:    /Applications/MAMP/htdocs/lbd/wp-content/themes/little-big-diner/functions.php
Line:    170
-------------------------------------------- 
[Dec 09 2015 14:51:26] ERROR_HANDLER 
Number:  2
Message: shuffle() expects parameter 1 to be array, string given
File:    /Applications/MAMP/htdocs/lbd/wp-content/themes/little-big-diner/functions.php
Line:    174
-------------------------------------------- 
[Dec 09 2015 14:51:39] ERROR_HANDLER 
Number:  2
Message: Missing argument 2 for lbd_gallery_gen()
File:    /Applications/MAMP/htdocs/lbd/wp-content/themes/little-big-diner/functions.php
Line:    170
-------------------------------------------- 
[Dec 09 2015 14:51:39] ERROR_HANDLER 
Number:  2
Message: shuffle() expects parameter 1 to be array, string given
File:    /Applications/MAMP/htdocs/lbd/wp-content/themes/little-big-diner/functions.php
Line:    174
-------------------------------------------- 
[Dec 09 2015 14:53:27] ERROR_HANDLER 
Number:  2
Message: Missing argument 2 for lbd_gallery_gen()
File:    /Applications/MAMP/htdocs/lbd/wp-content/themes/little-big-diner/functions.php
Line:    170
-------------------------------------------- 
[Dec 09 2015 14:53:27] ERROR_HANDLER 
Number:  2
Message: shuffle() expects parameter 1 to be array, string given
File:    /Applications/MAMP/htdocs/lbd/wp-content/themes/little-big-diner/functions.php
Line:    174
-------------------------------------------- 
[Dec 09 2015 14:53:52] ERROR_HANDLER 
Number:  2
Message: Missing argument 2 for lbd_gallery_gen()
File:    /Applications/MAMP/htdocs/lbd/wp-content/themes/little-big-diner/functions.php
Line:    170
-------------------------------------------- 
[Dec 09 2015 14:53:52] ERROR_HANDLER 
Number:  2
Message: shuffle() expects parameter 1 to be array, string given
File:    /Applications/MAMP/htdocs/lbd/wp-content/themes/little-big-diner/functions.php
Line:    174
-------------------------------------------- 
[Dec 09 2015 14:55:30] ERROR_HANDLER 
Number:  2
Message: Missing argument 2 for lbd_gallery_gen()
File:    /Applications/MAMP/htdocs/lbd/wp-content/themes/little-big-diner/functions.php
Line:    170
-------------------------------------------- 
[Dec 09 2015 14:55:30] ERROR_HANDLER 
Number:  2
Message: shuffle() expects parameter 1 to be array, string given
File:    /Applications/MAMP/htdocs/lbd/wp-content/themes/little-big-diner/functions.php
Line:    174
-------------------------------------------- 
[Dec 09 2015 14:55:53] ERROR_HANDLER 
Number:  2
Message: Missing argument 2 for lbd_gallery_gen()
File:    /Applications/MAMP/htdocs/lbd/wp-content/themes/little-big-diner/functions.php
Line:    170
-------------------------------------------- 
[Dec 09 2015 14:55:53] ERROR_HANDLER 
Number:  2
Message: shuffle() expects parameter 1 to be array, string given
File:    /Applications/MAMP/htdocs/lbd/wp-content/themes/little-big-diner/functions.php
Line:    174
-------------------------------------------- 
[Dec 09 2015 14:56:17] ERROR_HANDLER 
Number:  2
Message: Missing argument 2 for lbd_gallery_gen()
File:    /Applications/MAMP/htdocs/lbd/wp-content/themes/little-big-diner/functions.php
Line:    170
-------------------------------------------- 
[Dec 09 2015 14:56:17] ERROR_HANDLER 
Number:  2
Message: shuffle() expects parameter 1 to be array, string given
File:    /Applications/MAMP/htdocs/lbd/wp-content/themes/little-big-diner/functions.php
Line:    174
-------------------------------------------- 
[Dec 09 2015 14:57:43] ERROR_HANDLER 
Number:  2
Message: Missing argument 2 for lbd_gallery_gen()
File:    /Applications/MAMP/htdocs/lbd/wp-content/themes/little-big-diner/functions.php
Line:    170
-------------------------------------------- 
[Dec 09 2015 14:57:43] ERROR_HANDLER 
Number:  2
Message: shuffle() expects parameter 1 to be array, string given
File:    /Applications/MAMP/htdocs/lbd/wp-content/themes/little-big-diner/functions.php
Line:    174
-------------------------------------------- 
[Dec 09 2015 14:57:54] ERROR_HANDLER 
Number:  2
Message: Missing argument 2 for lbd_gallery_gen()
File:    /Applications/MAMP/htdocs/lbd/wp-content/themes/little-big-diner/functions.php
Line:    170
-------------------------------------------- 
[Dec 09 2015 14:57:54] ERROR_HANDLER 
Number:  2
Message: shuffle() expects parameter 1 to be array, string given
File:    /Applications/MAMP/htdocs/lbd/wp-content/themes/little-big-diner/functions.php
Line:    174
-------------------------------------------- 
[Dec 09 2015 14:59:43] ERROR_HANDLER 
Number:  2
Message: Missing argument 2 for lbd_gallery_gen()
File:    /Applications/MAMP/htdocs/lbd/wp-content/themes/little-big-diner/functions.php
Line:    170
-------------------------------------------- 
[Dec 09 2015 14:59:43] ERROR_HANDLER 
Number:  2
Message: shuffle() expects parameter 1 to be array, string given
File:    /Applications/MAMP/htdocs/lbd/wp-content/themes/little-big-diner/functions.php
Line:    174
-------------------------------------------- 
[Dec 09 2015 14:59:55] ERROR_HANDLER 
Number:  2
Message: Missing argument 2 for lbd_gallery_gen()
File:    /Applications/MAMP/htdocs/lbd/wp-content/themes/little-big-diner/functions.php
Line:    170
-------------------------------------------- 
[Dec 09 2015 14:59:55] ERROR_HANDLER 
Number:  2
Message: shuffle() expects parameter 1 to be array, string given
File:    /Applications/MAMP/htdocs/lbd/wp-content/themes/little-big-diner/functions.php
Line:    174
-------------------------------------------- 
[Dec 09 2015 15:00:47] ERROR_HANDLER 
Number:  2
Message: Missing argument 2 for lbd_gallery_gen()
File:    /Applications/MAMP/htdocs/lbd/wp-content/themes/little-big-diner/functions.php
Line:    170
-------------------------------------------- 
[Dec 09 2015 15:00:47] ERROR_HANDLER 
Number:  2
Message: shuffle() expects parameter 1 to be array, string given
File:    /Applications/MAMP/htdocs/lbd/wp-content/themes/little-big-diner/functions.php
Line:    174
-------------------------------------------- 
[Dec 09 2015 15:00:54] ERROR_HANDLER 
Number:  2
Message: Missing argument 2 for lbd_gallery_gen()
File:    /Applications/MAMP/htdocs/lbd/wp-content/themes/little-big-diner/functions.php
Line:    170
-------------------------------------------- 
[Dec 09 2015 15:00:54] ERROR_HANDLER 
Number:  2
Message: shuffle() expects parameter 1 to be array, string given
File:    /Applications/MAMP/htdocs/lbd/wp-content/themes/little-big-diner/functions.php
Line:    174
-------------------------------------------- 
[Dec 09 2015 15:02:24] ERROR_HANDLER 
Number:  2
Message: Missing argument 2 for lbd_gallery_gen()
File:    /Applications/MAMP/htdocs/lbd/wp-content/themes/little-big-diner/functions.php
Line:    170
-------------------------------------------- 
[Dec 09 2015 15:02:24] ERROR_HANDLER 
Number:  2
Message: shuffle() expects parameter 1 to be array, string given
File:    /Applications/MAMP/htdocs/lbd/wp-content/themes/little-big-diner/functions.php
Line:    174
-------------------------------------------- 
[Dec 09 2015 15:09:07] ERROR_HANDLER 
Number:  2
Message: Missing argument 2 for lbd_gallery_gen()
File:    /Applications/MAMP/htdocs/lbd/wp-content/themes/little-big-diner/functions.php
Line:    170
-------------------------------------------- 
[Dec 09 2015 15:09:07] ERROR_HANDLER 
Number:  2
Message: shuffle() expects parameter 1 to be array, string given
File:    /Applications/MAMP/htdocs/lbd/wp-content/themes/little-big-diner/functions.php
Line:    174
-------------------------------------------- 
[Dec 09 2015 15:09:30] ERROR_HANDLER 
Number:  2
Message: Missing argument 2 for lbd_gallery_gen()
File:    /Applications/MAMP/htdocs/lbd/wp-content/themes/little-big-diner/functions.php
Line:    170
-------------------------------------------- 
[Dec 09 2015 15:09:30] ERROR_HANDLER 
Number:  2
Message: shuffle() expects parameter 1 to be array, string given
File:    /Applications/MAMP/htdocs/lbd/wp-content/themes/little-big-diner/functions.php
Line:    174
-------------------------------------------- 
[Dec 09 2015 15:09:37] ERROR_HANDLER 
Number:  2
Message: Missing argument 2 for lbd_gallery_gen()
File:    /Applications/MAMP/htdocs/lbd/wp-content/themes/little-big-diner/functions.php
Line:    170
-------------------------------------------- 
[Dec 09 2015 15:09:37] ERROR_HANDLER 
Number:  2
Message: shuffle() expects parameter 1 to be array, string given
File:    /Applications/MAMP/htdocs/lbd/wp-content/themes/little-big-diner/functions.php
Line:    174
-------------------------------------------- 
[Dec 09 2015 15:14:59] ERROR_HANDLER 
Number:  2
Message: Missing argument 2 for lbd_gallery_gen()
File:    /Applications/MAMP/htdocs/lbd/wp-content/themes/little-big-diner/functions.php
Line:    170
-------------------------------------------- 
[Dec 09 2015 15:14:59] ERROR_HANDLER 
Number:  2
Message: shuffle() expects parameter 1 to be array, string given
File:    /Applications/MAMP/htdocs/lbd/wp-content/themes/little-big-diner/functions.php
Line:    174
-------------------------------------------- 
[Dec 09 2015 15:15:00] ERROR_HANDLER 
Number:  2
Message: Missing argument 2 for lbd_gallery_gen()
File:    /Applications/MAMP/htdocs/lbd/wp-content/themes/little-big-diner/functions.php
Line:    170
-------------------------------------------- 
[Dec 09 2015 15:15:00] ERROR_HANDLER 
Number:  2
Message: shuffle() expects parameter 1 to be array, string given
File:    /Applications/MAMP/htdocs/lbd/wp-content/themes/little-big-diner/functions.php
Line:    174
-------------------------------------------- 
[Dec 09 2015 15:15:01] ERROR_HANDLER 
Number:  2
Message: Missing argument 2 for lbd_gallery_gen()
File:    /Applications/MAMP/htdocs/lbd/wp-content/themes/little-big-diner/functions.php
Line:    170
-------------------------------------------- 
[Dec 09 2015 15:15:01] ERROR_HANDLER 
Number:  2
Message: shuffle() expects parameter 1 to be array, string given
File:    /Applications/MAMP/htdocs/lbd/wp-content/themes/little-big-diner/functions.php
Line:    174
-------------------------------------------- 
[Dec 09 2015 15:15:13] ERROR_HANDLER 
Number:  2
Message: Missing argument 2 for lbd_gallery_gen()
File:    /Applications/MAMP/htdocs/lbd/wp-content/themes/little-big-diner/functions.php
Line:    170
-------------------------------------------- 
[Dec 09 2015 15:15:13] ERROR_HANDLER 
Number:  2
Message: shuffle() expects parameter 1 to be array, string given
File:    /Applications/MAMP/htdocs/lbd/wp-content/themes/little-big-diner/functions.php
Line:    174
-------------------------------------------- 
[Dec 09 2015 15:15:43] ERROR_HANDLER 
Number:  2
Message: Missing argument 2 for lbd_gallery_gen()
File:    /Applications/MAMP/htdocs/lbd/wp-content/themes/little-big-diner/functions.php
Line:    170
-------------------------------------------- 
[Dec 09 2015 15:15:43] ERROR_HANDLER 
Number:  2
Message: shuffle() expects parameter 1 to be array, string given
File:    /Applications/MAMP/htdocs/lbd/wp-content/themes/little-big-diner/functions.php
Line:    174
-------------------------------------------- 
[Dec 09 2015 15:16:43] ERROR_HANDLER 
Number:  2
Message: Missing argument 2 for lbd_gallery_gen()
File:    /Applications/MAMP/htdocs/lbd/wp-content/themes/little-big-diner/functions.php
Line:    170
-------------------------------------------- 
[Dec 09 2015 15:16:43] ERROR_HANDLER 
Number:  2
Message: shuffle() expects parameter 1 to be array, string given
File:    /Applications/MAMP/htdocs/lbd/wp-content/themes/little-big-diner/functions.php
Line:    174
-------------------------------------------- 
[Dec 09 2015 15:17:36] ERROR_HANDLER 
Number:  2
Message: Missing argument 2 for lbd_gallery_gen()
File:    /Applications/MAMP/htdocs/lbd/wp-content/themes/little-big-diner/functions.php
Line:    170
-------------------------------------------- 
[Dec 09 2015 15:17:36] ERROR_HANDLER 
Number:  2
Message: shuffle() expects parameter 1 to be array, string given
File:    /Applications/MAMP/htdocs/lbd/wp-content/themes/little-big-diner/functions.php
Line:    174
-------------------------------------------- 
[Dec 09 2015 15:18:10] ERROR_HANDLER 
Number:  2
Message: Missing argument 2 for lbd_gallery_gen()
File:    /Applications/MAMP/htdocs/lbd/wp-content/themes/little-big-diner/functions.php
Line:    170
-------------------------------------------- 
[Dec 09 2015 15:18:10] ERROR_HANDLER 
Number:  2
Message: shuffle() expects parameter 1 to be array, string given
File:    /Applications/MAMP/htdocs/lbd/wp-content/themes/little-big-diner/functions.php
Line:    174
-------------------------------------------- 
[Dec 09 2015 15:18:36] ERROR_HANDLER 
Number:  2
Message: Missing argument 2 for lbd_gallery_gen()
File:    /Applications/MAMP/htdocs/lbd/wp-content/themes/little-big-diner/functions.php
Line:    170
-------------------------------------------- 
[Dec 09 2015 15:18:36] ERROR_HANDLER 
Number:  2
Message: shuffle() expects parameter 1 to be array, string given
File:    /Applications/MAMP/htdocs/lbd/wp-content/themes/little-big-diner/functions.php
Line:    174
-------------------------------------------- 
[Dec 09 2015 15:18:42] ERROR_HANDLER 
Number:  2
Message: Missing argument 2 for lbd_gallery_gen()
File:    /Applications/MAMP/htdocs/lbd/wp-content/themes/little-big-diner/functions.php
Line:    170
-------------------------------------------- 
[Dec 09 2015 15:18:42] ERROR_HANDLER 
Number:  2
Message: shuffle() expects parameter 1 to be array, string given
File:    /Applications/MAMP/htdocs/lbd/wp-content/themes/little-big-diner/functions.php
Line:    174
-------------------------------------------- 
[Dec 09 2015 15:21:48] ERROR_HANDLER 
Number:  2
Message: Missing argument 2 for lbd_gallery_gen()
File:    /Applications/MAMP/htdocs/lbd/wp-content/themes/little-big-diner/functions.php
Line:    170
-------------------------------------------- 
[Dec 09 2015 15:21:48] ERROR_HANDLER 
Number:  2
Message: shuffle() expects parameter 1 to be array, string given
File:    /Applications/MAMP/htdocs/lbd/wp-content/themes/little-big-diner/functions.php
Line:    174
-------------------------------------------- 
[Dec 09 2015 15:21:55] ERROR_HANDLER 
Number:  2
Message: Missing argument 2 for lbd_gallery_gen()
File:    /Applications/MAMP/htdocs/lbd/wp-content/themes/little-big-diner/functions.php
Line:    170
-------------------------------------------- 
[Dec 09 2015 15:21:55] ERROR_HANDLER 
Number:  2
Message: shuffle() expects parameter 1 to be array, string given
File:    /Applications/MAMP/htdocs/lbd/wp-content/themes/little-big-diner/functions.php
Line:    174
-------------------------------------------- 
[Dec 09 2015 15:22:14] ERROR_HANDLER 
Number:  2
Message: Missing argument 2 for lbd_gallery_gen()
File:    /Applications/MAMP/htdocs/lbd/wp-content/themes/little-big-diner/functions.php
Line:    170
-------------------------------------------- 
[Dec 09 2015 15:22:14] ERROR_HANDLER 
Number:  2
Message: shuffle() expects parameter 1 to be array, string given
File:    /Applications/MAMP/htdocs/lbd/wp-content/themes/little-big-diner/functions.php
Line:    174
-------------------------------------------- 
[Dec 09 2015 15:22:54] ERROR_HANDLER 
Number:  2
Message: Missing argument 2 for lbd_gallery_gen()
File:    /Applications/MAMP/htdocs/lbd/wp-content/themes/little-big-diner/functions.php
Line:    170
-------------------------------------------- 
[Dec 09 2015 15:22:54] ERROR_HANDLER 
Number:  2
Message: shuffle() expects parameter 1 to be array, string given
File:    /Applications/MAMP/htdocs/lbd/wp-content/themes/little-big-diner/functions.php
Line:    174
-------------------------------------------- 
[Dec 09 2015 15:23:06] ERROR_HANDLER 
Number:  2
Message: Missing argument 2 for lbd_gallery_gen()
File:    /Applications/MAMP/htdocs/lbd/wp-content/themes/little-big-diner/functions.php
Line:    170
-------------------------------------------- 
[Dec 09 2015 15:23:06] ERROR_HANDLER 
Number:  2
Message: shuffle() expects parameter 1 to be array, string given
File:    /Applications/MAMP/htdocs/lbd/wp-content/themes/little-big-diner/functions.php
Line:    174
-------------------------------------------- 
[Dec 09 2015 15:27:11] ERROR_HANDLER 
Number:  2
Message: Missing argument 2 for lbd_gallery_gen()
File:    /Applications/MAMP/htdocs/lbd/wp-content/themes/little-big-diner/functions.php
Line:    170
-------------------------------------------- 
[Dec 09 2015 15:27:11] ERROR_HANDLER 
Number:  2
Message: shuffle() expects parameter 1 to be array, string given
File:    /Applications/MAMP/htdocs/lbd/wp-content/themes/little-big-diner/functions.php
Line:    174
-------------------------------------------- 
[Dec 09 2015 15:29:57] ERROR_HANDLER 
Number:  2
Message: Missing argument 2 for lbd_gallery_gen()
File:    /Applications/MAMP/htdocs/lbd/wp-content/themes/little-big-diner/functions.php
Line:    170
-------------------------------------------- 
[Dec 09 2015 15:29:57] ERROR_HANDLER 
Number:  2
Message: shuffle() expects parameter 1 to be array, string given
File:    /Applications/MAMP/htdocs/lbd/wp-content/themes/little-big-diner/functions.php
Line:    174
-------------------------------------------- 
[Dec 09 2015 15:32:33] ERROR_HANDLER 
Number:  2
Message: Missing argument 2 for lbd_gallery_gen()
File:    /Applications/MAMP/htdocs/lbd/wp-content/themes/little-big-diner/functions.php
Line:    170
-------------------------------------------- 
[Dec 09 2015 15:32:33] ERROR_HANDLER 
Number:  2
Message: shuffle() expects parameter 1 to be array, string given
File:    /Applications/MAMP/htdocs/lbd/wp-content/themes/little-big-diner/functions.php
Line:    174
-------------------------------------------- 
[Dec 09 2015 15:35:04] ERROR_HANDLER 
Number:  2
Message: Missing argument 2 for lbd_gallery_gen()
File:    /Applications/MAMP/htdocs/lbd/wp-content/themes/little-big-diner/functions.php
Line:    170
-------------------------------------------- 
[Dec 09 2015 15:35:04] ERROR_HANDLER 
Number:  2
Message: shuffle() expects parameter 1 to be array, string given
File:    /Applications/MAMP/htdocs/lbd/wp-content/themes/little-big-diner/functions.php
Line:    174
-------------------------------------------- 
[Dec 09 2015 15:35:19] ERROR_HANDLER 
Number:  2
Message: Missing argument 2 for lbd_gallery_gen()
File:    /Applications/MAMP/htdocs/lbd/wp-content/themes/little-big-diner/functions.php
Line:    170
-------------------------------------------- 
[Dec 09 2015 15:35:19] ERROR_HANDLER 
Number:  2
Message: shuffle() expects parameter 1 to be array, string given
File:    /Applications/MAMP/htdocs/lbd/wp-content/themes/little-big-diner/functions.php
Line:    174
-------------------------------------------- 
[Dec 09 2015 15:36:21] ERROR_HANDLER 
Number:  2
Message: Missing argument 2 for lbd_gallery_gen()
File:    /Applications/MAMP/htdocs/lbd/wp-content/themes/little-big-diner/functions.php
Line:    170
-------------------------------------------- 
[Dec 09 2015 15:36:21] ERROR_HANDLER 
Number:  2
Message: shuffle() expects parameter 1 to be array, string given
File:    /Applications/MAMP/htdocs/lbd/wp-content/themes/little-big-diner/functions.php
Line:    174
-------------------------------------------- 
[Dec 09 2015 15:37:21] ERROR_HANDLER 
Number:  2
Message: Missing argument 2 for lbd_gallery_gen()
File:    /Applications/MAMP/htdocs/lbd/wp-content/themes/little-big-diner/functions.php
Line:    170
-------------------------------------------- 
[Dec 09 2015 15:37:21] ERROR_HANDLER 
Number:  2
Message: shuffle() expects parameter 1 to be array, string given
File:    /Applications/MAMP/htdocs/lbd/wp-content/themes/little-big-diner/functions.php
Line:    174
-------------------------------------------- 
[Dec 09 2015 15:38:21] ERROR_HANDLER 
Number:  2
Message: Missing argument 2 for lbd_gallery_gen()
File:    /Applications/MAMP/htdocs/lbd/wp-content/themes/little-big-diner/functions.php
Line:    170
-------------------------------------------- 
[Dec 09 2015 15:38:21] ERROR_HANDLER 
Number:  2
Message: shuffle() expects parameter 1 to be array, string given
File:    /Applications/MAMP/htdocs/lbd/wp-content/themes/little-big-diner/functions.php
Line:    174
-------------------------------------------- 
[Dec 09 2015 15:40:21] ERROR_HANDLER 
Number:  2
Message: Missing argument 2 for lbd_gallery_gen()
File:    /Applications/MAMP/htdocs/lbd/wp-content/themes/little-big-diner/functions.php
Line:    170
-------------------------------------------- 
[Dec 09 2015 15:40:21] ERROR_HANDLER 
Number:  2
Message: shuffle() expects parameter 1 to be array, string given
File:    /Applications/MAMP/htdocs/lbd/wp-content/themes/little-big-diner/functions.php
Line:    174
-------------------------------------------- 
[Dec 09 2015 15:42:21] ERROR_HANDLER 
Number:  2
Message: Missing argument 2 for lbd_gallery_gen()
File:    /Applications/MAMP/htdocs/lbd/wp-content/themes/little-big-diner/functions.php
Line:    170
-------------------------------------------- 
[Dec 09 2015 15:42:21] ERROR_HANDLER 
Number:  2
Message: shuffle() expects parameter 1 to be array, string given
File:    /Applications/MAMP/htdocs/lbd/wp-content/themes/little-big-diner/functions.php
Line:    174
-------------------------------------------- 
[Dec 09 2015 15:44:22] ERROR_HANDLER 
Number:  2
Message: Missing argument 2 for lbd_gallery_gen()
File:    /Applications/MAMP/htdocs/lbd/wp-content/themes/little-big-diner/functions.php
Line:    170
-------------------------------------------- 
[Dec 09 2015 15:44:22] ERROR_HANDLER 
Number:  2
Message: shuffle() expects parameter 1 to be array, string given
File:    /Applications/MAMP/htdocs/lbd/wp-content/themes/little-big-diner/functions.php
Line:    174
-------------------------------------------- 
[Dec 09 2015 15:44:51] ERROR_HANDLER 
Number:  2
Message: Missing argument 2 for lbd_gallery_gen()
File:    /Applications/MAMP/htdocs/lbd/wp-content/themes/little-big-diner/functions.php
Line:    170
-------------------------------------------- 
[Dec 09 2015 15:44:51] ERROR_HANDLER 
Number:  2
Message: shuffle() expects parameter 1 to be array, string given
File:    /Applications/MAMP/htdocs/lbd/wp-content/themes/little-big-diner/functions.php
Line:    174
-------------------------------------------- 
[Dec 09 2015 15:46:02] ERROR_HANDLER 
Number:  2
Message: Missing argument 2 for lbd_gallery_gen()
File:    /Applications/MAMP/htdocs/lbd/wp-content/themes/little-big-diner/functions.php
Line:    170
-------------------------------------------- 
[Dec 09 2015 15:46:02] ERROR_HANDLER 
Number:  2
Message: shuffle() expects parameter 1 to be array, string given
File:    /Applications/MAMP/htdocs/lbd/wp-content/themes/little-big-diner/functions.php
Line:    174
-------------------------------------------- 
[Dec 09 2015 15:46:05] ERROR_HANDLER 
Number:  2
Message: Missing argument 2 for lbd_gallery_gen()
File:    /Applications/MAMP/htdocs/lbd/wp-content/themes/little-big-diner/functions.php
Line:    170
-------------------------------------------- 
[Dec 09 2015 15:46:05] ERROR_HANDLER 
Number:  2
Message: shuffle() expects parameter 1 to be array, string given
File:    /Applications/MAMP/htdocs/lbd/wp-content/themes/little-big-diner/functions.php
Line:    174
-------------------------------------------- 
[Dec 09 2015 15:46:56] ERROR_HANDLER 
Number:  2
Message: Missing argument 2 for lbd_gallery_gen()
File:    /Applications/MAMP/htdocs/lbd/wp-content/themes/little-big-diner/functions.php
Line:    170
-------------------------------------------- 
[Dec 09 2015 15:46:56] ERROR_HANDLER 
Number:  2
Message: shuffle() expects parameter 1 to be array, string given
File:    /Applications/MAMP/htdocs/lbd/wp-content/themes/little-big-diner/functions.php
Line:    174
-------------------------------------------- 
[Dec 09 2015 15:46:57] ERROR_HANDLER 
Number:  2
Message: Missing argument 2 for lbd_gallery_gen()
File:    /Applications/MAMP/htdocs/lbd/wp-content/themes/little-big-diner/functions.php
Line:    170
-------------------------------------------- 
[Dec 09 2015 15:46:57] ERROR_HANDLER 
Number:  2
Message: shuffle() expects parameter 1 to be array, string given
File:    /Applications/MAMP/htdocs/lbd/wp-content/themes/little-big-diner/functions.php
Line:    174
-------------------------------------------- 
[Dec 09 2015 15:46:58] ERROR_HANDLER 
Number:  2
Message: Missing argument 2 for lbd_gallery_gen()
File:    /Applications/MAMP/htdocs/lbd/wp-content/themes/little-big-diner/functions.php
Line:    170
-------------------------------------------- 
[Dec 09 2015 15:46:58] ERROR_HANDLER 
Number:  2
Message: shuffle() expects parameter 1 to be array, string given
File:    /Applications/MAMP/htdocs/lbd/wp-content/themes/little-big-diner/functions.php
Line:    174
-------------------------------------------- 
[Dec 09 2015 15:46:58] ERROR_HANDLER 
Number:  2
Message: Missing argument 2 for lbd_gallery_gen()
File:    /Applications/MAMP/htdocs/lbd/wp-content/themes/little-big-diner/functions.php
Line:    170
-------------------------------------------- 
[Dec 09 2015 15:46:58] ERROR_HANDLER 
Number:  2
Message: shuffle() expects parameter 1 to be array, string given
File:    /Applications/MAMP/htdocs/lbd/wp-content/themes/little-big-diner/functions.php
Line:    174
-------------------------------------------- 
[Dec 09 2015 15:47:02] ERROR_HANDLER 
Number:  2
Message: Missing argument 2 for lbd_gallery_gen()
File:    /Applications/MAMP/htdocs/lbd/wp-content/themes/little-big-diner/functions.php
Line:    170
-------------------------------------------- 
[Dec 09 2015 15:47:02] ERROR_HANDLER 
Number:  2
Message: shuffle() expects parameter 1 to be array, string given
File:    /Applications/MAMP/htdocs/lbd/wp-content/themes/little-big-diner/functions.php
Line:    174
-------------------------------------------- 
[Dec 09 2015 15:47:05] ERROR_HANDLER 
Number:  2
Message: Missing argument 2 for lbd_gallery_gen()
File:    /Applications/MAMP/htdocs/lbd/wp-content/themes/little-big-diner/functions.php
Line:    170
-------------------------------------------- 
[Dec 09 2015 15:47:05] ERROR_HANDLER 
Number:  2
Message: shuffle() expects parameter 1 to be array, string given
File:    /Applications/MAMP/htdocs/lbd/wp-content/themes/little-big-diner/functions.php
Line:    174
-------------------------------------------- 
[Dec 09 2015 15:47:05] ERROR_HANDLER 
Number:  2
Message: Missing argument 2 for lbd_gallery_gen()
File:    /Applications/MAMP/htdocs/lbd/wp-content/themes/little-big-diner/functions.php
Line:    170
-------------------------------------------- 
[Dec 09 2015 15:47:05] ERROR_HANDLER 
Number:  2
Message: shuffle() expects parameter 1 to be array, string given
File:    /Applications/MAMP/htdocs/lbd/wp-content/themes/little-big-diner/functions.php
Line:    174
-------------------------------------------- 
[Dec 09 2015 15:47:07] ERROR_HANDLER 
Number:  2
Message: Missing argument 2 for lbd_gallery_gen()
File:    /Applications/MAMP/htdocs/lbd/wp-content/themes/little-big-diner/functions.php
Line:    170
-------------------------------------------- 
[Dec 09 2015 15:47:07] ERROR_HANDLER 
Number:  2
Message: shuffle() expects parameter 1 to be array, string given
File:    /Applications/MAMP/htdocs/lbd/wp-content/themes/little-big-diner/functions.php
Line:    174
-------------------------------------------- 
[Dec 09 2015 15:50:44] ERROR_HANDLER 
Number:  2
Message: Missing argument 2 for lbd_gallery_gen()
File:    /Applications/MAMP/htdocs/lbd/wp-content/themes/little-big-diner/functions.php
Line:    170
-------------------------------------------- 
[Dec 09 2015 15:50:44] ERROR_HANDLER 
Number:  2
Message: shuffle() expects parameter 1 to be array, string given
File:    /Applications/MAMP/htdocs/lbd/wp-content/themes/little-big-diner/functions.php
Line:    174
-------------------------------------------- 
[Dec 09 2015 15:52:47] ERROR_HANDLER 
Number:  2
Message: Missing argument 2 for lbd_gallery_gen()
File:    /Applications/MAMP/htdocs/lbd/wp-content/themes/little-big-diner/functions.php
Line:    170
-------------------------------------------- 
[Dec 09 2015 15:52:47] ERROR_HANDLER 
Number:  2
Message: shuffle() expects parameter 1 to be array, string given
File:    /Applications/MAMP/htdocs/lbd/wp-content/themes/little-big-diner/functions.php
Line:    174
-------------------------------------------- 
